2016-01-02 05:40:16:Array
2016-01-02 05:40:16:these_are_free
2016-01-02 05:41:47:array(3) {
  [0]=>
  string(14) "Sumatera Barat"
  [1]=>
  string(11) "Jawa Tengah"
  [2]=>
  string(14) "Sulawesi Utara"
}

2016-01-02 05:41:47:these_are_free
2016-01-02 05:41:50:array(3) {
  [0]=>
  string(14) "Sumatera Barat"
  [1]=>
  string(11) "Jawa Tengah"
  [2]=>
  string(14) "Sulawesi Utara"
}

2016-01-02 05:41:50:these_are_free
2016-01-02 05:42:01:array(3) {
  [0]=>
  string(14) "Sumatera Barat"
  [1]=>
  string(11) "Jawa Tengah"
  [2]=>
  string(14) "Sulawesi Utara"
}

2016-01-02 05:42:01:these_are_free
2016-01-02 05:42:13:array(3) {
  [0]=>
  string(14) "Sumatera Barat"
  [1]=>
  string(11) "Jawa Tengah"
  [2]=>
  string(14) "Sulawesi Utara"
}

2016-01-02 05:42:13:these_are_free
2016-01-02 05:43:44:array(3) {
  [0]=>
  string(14) "Sumatera Barat"
  [1]=>
  string(11) "Jawa Tengah"
  [2]=>
  string(14) "Sulawesi Utara"
}

2016-01-02 05:43:44:these_are_free
2016-01-02 05:43:44:
2016-01-02 05:46:49:array(3) {
  [0]=>
  string(14) "Sumatera Barat"
  [1]=>
  string(11) "Jawa Tengah"
  [2]=>
  string(14) "Sulawesi Utara"
}

2016-01-02 05:46:49:these_are_free
2016-01-02 05:46:49:
2016-01-02 05:46:51:array(3) {
  [0]=>
  string(14) "Sumatera Barat"
  [1]=>
  string(11) "Jawa Tengah"
  [2]=>
  string(14) "Sulawesi Utara"
}

2016-01-02 05:46:51:these_are_free
2016-01-02 05:46:51:
2016-01-02 05:47:05:array(3) {
  [0]=>
  string(14) "Sumatera Barat"
  [1]=>
  string(11) "Jawa Tengah"
  [2]=>
  string(14) "Sulawesi Utara"
}

2016-01-02 05:47:05:these_are_free
2016-01-02 05:47:05:
2016-01-02 05:47:24:array(3) {
  [0]=>
  string(14) "Sumatera Barat"
  [1]=>
  string(11) "Jawa Tengah"
  [2]=>
  string(14) "Sulawesi Utara"
}

2016-01-02 05:47:24:these_are_free
2016-01-02 05:47:24:
2016-01-02 05:47:33:array(3) {
  [0]=>
  string(14) "Sumatera Barat"
  [1]=>
  string(11) "Jawa Tengah"
  [2]=>
  string(14) "Sulawesi Utara"
}

2016-01-02 05:47:33:these_are_free
2016-01-02 05:47:33:
